[debug] [2024-01-16T06:17:40.731Z] ----------------------------------------------------------------------
[debug] [2024-01-16T06:17:40.734Z] Command:       C:\Program Files\nodejs\node.exe C:\Users\carlo\AppData\Roaming\npm\node_modules\firebase-tools\lib\bin\firebase.js init
[debug] [2024-01-16T06:17:40.734Z] CLI Version:   13.0.3
[debug] [2024-01-16T06:17:40.734Z] Platform:      win32
[debug] [2024-01-16T06:17:40.734Z] Node Version:  v20.10.0
[debug] [2024-01-16T06:17:40.734Z] Time:          Tue Jan 16 2024 17:17:40 GMT+1100 (Australian Eastern Daylight Time)
[debug] [2024-01-16T06:17:40.734Z] ----------------------------------------------------------------------
[debug] 
[debug] [2024-01-16T06:17:40.739Z] > command requires scopes: ["email","openid","https://www.googleapis.com/auth/cloudplatformprojects.readonly","https://www.googleapis.com/auth/firebase","https://www.googleapis.com/auth/cloud-platform"]
[debug] [2024-01-16T06:17:40.740Z] > authorizing via signed-in user (carlosgabrielcampo@gmail.com)
[info] 
     ######## #### ########  ######## ########     ###     ######  ########
     ##        ##  ##     ## ##       ##     ##  ##   ##  ##       ##
     ######    ##  ########  ######   ########  #########  ######  ######
     ##        ##  ##    ##  ##       ##     ## ##     ##       ## ##
     ##       #### ##     ## ######## ########  ##     ##  ######  ########

You're about to initialize a Firebase project in this directory:

  C:\Users\carlo\OneDrive\Ãrea de Trabalho\port_folio

[info] 
=== Project Setup
[info] 
[info] First, let's associate this project directory with a Firebase project.
[info] You can create multiple project aliases by running firebase use --add, 
[info] but for now we'll just set up a default project.
[info] 
[debug] [2024-01-16T06:19:57.377Z] >>> [apiv2][query] GET https://firebase.googleapis.com/v1beta1/projects pageSize=100
[debug] [2024-01-16T06:19:58.749Z] <<< [apiv2][status] GET https://firebase.googleapis.com/v1beta1/projects 200
[debug] [2024-01-16T06:19:58.749Z] <<< [apiv2][body] GET https://firebase.googleapis.com/v1beta1/projects [omitted]
